<?xml version="1.0" encoding="UTF-8"?>
<!-- Generated by org.testng.reporters.JUnitReportReporter -->
<testsuite hostname="Deepas-MacBook-Pro.local" failures="0" tests="2" name="Vapasi.AppTest" time="0.065" errors="0" timestamp="2021-11-18T15:13:31 IST" skipped="0">
  <testcase classname="Vapasi.AppTest" name="LoginTestSample" time="0.043"/>
  <system-out/>
  <testcase classname="Vapasi.AppTest" name="SearchItemList" time="0.022"/>
  <system-out/>
</testsuite> <!-- Vapasi.AppTest -->
